0 info it worked if it ends with ok
1 verbose cli [ '/usr/local/bin/node', '/usr/local/bin/npm', 'run', 'dev' ]
2 info using npm@4.1.2
3 info using node@v7.7.2
4 verbose run-script [ 'predev', 'dev', 'postdev' ]
5 info lifecycle crowdsource-worker@1.0.0~predev: crowdsource-worker@1.0.0
6 silly lifecycle crowdsource-worker@1.0.0~predev: no script for predev, continuing
7 info lifecycle crowdsource-worker@1.0.0~dev: crowdsource-worker@1.0.0
8 verbose lifecycle crowdsource-worker@1.0.0~dev: unsafe-perm in lifecycle true
9 verbose lifecycle crowdsource-worker@1.0.0~dev: PATH: /usr/local/lib/node_modules/npm/bin/node-gyp-bin:/var/www/node_modules/.bin:/usr/local/sbin:/usr/local/bin:/usr/sbin:/usr/bin:/sbin:/bin
10 verbose lifecycle crowdsource-worker@1.0.0~dev: CWD: /var/www
11 silly lifecycle crowdsource-worker@1.0.0~dev: Args: [ '-c',
11 silly lifecycle   'echo "Please set a dev command in package.json" && exit 1' ]
12 silly lifecycle crowdsource-worker@1.0.0~dev: Returned: code: 1  signal: null
13 info lifecycle crowdsource-worker@1.0.0~dev: Failed to exec dev script
14 verbose stack Error: crowdsource-worker@1.0.0 dev: `echo "Please set a dev command in package.json" && exit 1`
14 verbose stack Exit status 1
14 verbose stack     at EventEmitter.<anonymous> (/usr/local/lib/node_modules/npm/lib/utils/lifecycle.js:279:16)
14 verbose stack     at emitTwo (events.js:106:13)
14 verbose stack     at EventEmitter.emit (events.js:194:7)
14 verbose stack     at ChildProcess.<anonymous> (/usr/local/lib/node_modules/npm/lib/utils/spawn.js:40:14)
14 verbose stack     at emitTwo (events.js:106:13)
14 verbose stack     at ChildProcess.emit (events.js:194:7)
14 verbose stack     at maybeClose (internal/child_process.js:899:16)
14 verbose stack     at Process.ChildProcess._handle.onexit (internal/child_process.js:226:5)
15 verbose pkgid crowdsource-worker@1.0.0
16 verbose cwd /var/www
17 error Linux 3.13.0-112-generic
18 error argv "/usr/local/bin/node" "/usr/local/bin/npm" "run" "dev"
19 error node v7.7.2
20 error npm  v4.1.2
21 error code ELIFECYCLE
22 error crowdsource-worker@1.0.0 dev: `echo "Please set a dev command in package.json" && exit 1`
22 error Exit status 1
23 error Failed at the crowdsource-worker@1.0.0 dev script 'echo "Please set a dev command in package.json" && exit 1'.
23 error Make sure you have the latest version of node.js and npm installed.
23 error If you do, this is most likely a problem with the crowdsource-worker package,
23 error not with npm itself.
23 error Tell the author that this fails on your system:
23 error     echo "Please set a dev command in package.json" && exit 1
23 error You can get information on how to open an issue for this project with:
23 error     npm bugs crowdsource-worker
23 error Or if that isn't available, you can get their info via:
23 error     npm owner ls crowdsource-worker
23 error There is likely additional logging output above.
24 verbose exit [ 1, true ]
