0 info it worked if it ends with ok
1 verbose cli [ '/usr/local/bin/node', '/usr/local/bin/npm', 'run', 'dev' ]
2 info using npm@4.1.2
3 info using node@v7.7.2
4 verbose run-script [ 'predev', 'dev', 'postdev' ]
5 info lifecycle crowdsource-worker@1.0.0~predev: crowdsource-worker@1.0.0
6 silly lifecycle crowdsource-worker@1.0.0~predev: no script for predev, continuing
7 info lifecycle crowdsource-worker@1.0.0~dev: crowdsource-worker@1.0.0
8 verbose lifecycle crowdsource-worker@1.0.0~dev: unsafe-perm in lifecycle true
9 verbose lifecycle crowdsource-worker@1.0.0~dev: PATH: /usr/local/lib/node_modules/npm/bin/node-gyp-bin:/var/www/node_modules/.bin:/usr/local/sbin:/usr/local/bin:/usr/sbin:/usr/bin:/sbin:/bin
10 verbose lifecycle crowdsource-worker@1.0.0~dev: CWD: /var/www
11 silly lifecycle crowdsource-worker@1.0.0~dev: Args: [ '-c', 'nodemon index.js' ]
12 info lifecycle crowdsource-worker@1.0.0~dev: Failed to exec dev script
13 verbose stack Error: crowdsource-worker@1.0.0 dev: `nodemon index.js`
13 verbose stack spawn ENOENT
13 verbose stack     at ChildProcess.<anonymous> (/usr/local/lib/node_modules/npm/lib/utils/spawn.js:33:16)
13 verbose stack     at emitTwo (events.js:106:13)
13 verbose stack     at ChildProcess.emit (events.js:194:7)
13 verbose stack     at maybeClose (internal/child_process.js:899:16)
13 verbose stack     at Process.ChildProcess._handle.onexit (internal/child_process.js:226:5)
14 verbose pkgid crowdsource-worker@1.0.0
15 verbose cwd /var/www
16 error Linux 4.8.0-41-generic
17 error argv "/usr/local/bin/node" "/usr/local/bin/npm" "run" "dev"
18 error node v7.7.2
19 error npm  v4.1.2
20 error file sh
21 error code ELIFECYCLE
22 error errno ENOENT
23 error syscall spawn
24 error crowdsource-worker@1.0.0 dev: `nodemon index.js`
24 error spawn ENOENT
25 error Failed at the crowdsource-worker@1.0.0 dev script 'nodemon index.js'.
25 error Make sure you have the latest version of node.js and npm installed.
25 error If you do, this is most likely a problem with the crowdsource-worker package,
25 error not with npm itself.
25 error Tell the author that this fails on your system:
25 error     nodemon index.js
25 error You can get information on how to open an issue for this project with:
25 error     npm bugs crowdsource-worker
25 error Or if that isn't available, you can get their info via:
25 error     npm owner ls crowdsource-worker
25 error There is likely additional logging output above.
26 verbose exit [ 1, true ]
